TimeQuest Timing Analyzer report for volume
Wed Feb 22 12:25:32 2023
Quartus II 64-Bit Version 12.0 Build 178 05/31/2012 SJ Full Version


---------------------
; Table of Contents ;
---------------------
  1. Assembler Summary
  2. Assembler Settings
  3. Assembler Generated Files
  4. Assembler Device Options: C:/Users/USUARIO/OneDrive/Documentos/Roca Vega/Laboratorios - copia/Laboratorio 7 - barra de volumen LCD/volume/volume.sof
  5. Assembler Device Options: C:/Users/USUARIO/OneDrive/Documentos/Roca Vega/Laboratorios - copia/Laboratorio 7 - barra de volumen LCD/volume/volume.pof
  6. Assembler Messages



+---------------------------------------------------------------+
; Assembler Summary                                             ;
+-----------------------+---------------------------------------+
; Assembler Status      ; Successful - Wed Feb 22 12:25:31 2023 ;
; Revision Name         ; volume                                ;
; Top-level Entity Name ; volume_bar                            ;
; Family                ; Cyclone                               ;
; Device                ; EP1C3T144C8                           ;
+-----------------------+---------------------------------------+


+--------------------------------------------------------------------------------------------------------+
; Assembler Settings                                                                                     ;
+-----------------------------------------------------------------------------+----------+---------------+
; Option                                                                      ; Setting  ; Default Value ;
+-----------------------------------------------------------------------------+----------+---------------+
; Use smart compilation                                                       ; Off      ; Off           ;
; Enable parallel Assembler and TimeQuest Timing Analyzer during compilation  ; On       ; On            ;
; Enable compact report table                                                 ; Off      ; Off           ;
; Generate compressed bitstreams                                              ; On       ; On            ;
; Compression mode                                                            ; Off      ; Off           ;
; Clock source for configuration device                                       ; Internal ; Internal      ;
; Clock frequency of the configuration device                                 ; 10 MHZ   ; 10 MHz        ;
; Divide clock frequency by                                                   ; 1        ; 1             ;
; Auto user code                                                              ; Off      ; Off           ;
; Use configuration device                                                    ; On       ; On            ;
; Configuration device                                                        ; Auto     ; Auto          ;
; Configuration device auto user code                                         ; Off      ; Off           ;
; Auto-increment JTAG user code for multiple configuration devices            ; On       ; On            ;
; Generate Tabular Text File (.ttf) For Target Device                         ; Off      ; Off           ;
; Generate Raw Binary File (.rbf) For Target Device                           ; Off      ; Off           ;
; Generate Hexadecimal (Intel-Format) Output File (.hexout) for Target Device ; Off      ; Off           ;
; Hexadecimal Output File start address                                       ; 0        ; 0             ;
; Hexadecimal Output File count direction                                     ; Up       ; Up            ;
; Release clears before tri-states                                            ; Off      ; Off           ;
; Auto-restart configuration after error                                      ; On       ; On            ;
; Generate Serial Vector Format File (.svf) for Target Device                 ; Off      ; Off           ;
; Generate a JEDEC STAPL Format File (.jam) for Target Device                 ; Off      ; Off           ;
; Generate a compressed Jam STAPL Byte Code 2.0 File (.jbc) for Target Device ; Off      ; Off           ;
; Generate a compressed Jam STAPL Byte Code 2.0 File (.jbc) for Target Device ; On       ; On            ;
+-----------------------------------------------------------------------------+----------+---------------+


+----------------------------------------------------------------------------------------------------------------------------+
; Assembler Generated Files                                                                                                  ;
+----------------------------------------------------------------------------------------------------------------------------+
; File Name                                                                                                                  ;
+----------------------------------------------------------------------------------------------------------------------------+
; C:/Users/USUARIO/OneDrive/Documentos/Roca Vega/Laboratorios - copia/Laboratorio 7 - barra de volumen LCD/volume/volume.sof ;
; C:/Users/USUARIO/OneDrive/Documentos/Roca Vega/Laboratorios - copia/Laboratorio 7 - barra de volumen LCD/volume/volume.pof ;
+----------------------------------------------------------------------------------------------------------------------------+


+------------------------------------------------------------------------------------------------------------------------------------------------------+
; Assembler Device Options: C:/Users/USUARIO/OneDrive/Documentos/Roca Vega/Laboratorios - copia/Laboratorio 7 - barra de volumen LCD/volume/volume.sof ;
+----------------+-------------------------------------------------------------------------------------------------------------------------------------+
; Option         ; Setting                                                                                                                             ;
+----------------+-------------------------------------------------------------------------------------------------------------------------------------+
; Device         ; EP1C3T144C8                                                                                                                         ;
; JTAG usercode  ; 0xFFFFFFFF                                                                                                                          ;
; Checksum       ; 0x0004827F                                                                                                                          ;
+----------------+-------------------------------------------------------------------------------------------------------------------------------------+


+------------------------------------------------------------------------------------------------------------------------------------------------------+
; Assembler Device Options: C:/Users/USUARIO/OneDrive/Documentos/Roca Vega/Laboratorios - copia/Laboratorio 7 - barra de volumen LCD/volume/volume.pof ;
+--------------------+---------------------------------------------------------------------------------------------------------------------------------+
; Option             ; Setting                                                                                                                         ;
+--------------------+---------------------------------------------------------------------------------------------------------------------------------+
; Device             ; EPCS1                                                                                                                           ;
; JTAG usercode      ; 0x00000000                                                                                                                      ;
; Checksum           ; 0x01AA6272                                                                                                                      ;
; Compression Ratio  ; 3                                                                                                                               ;
+--------------------+---------------------------------------------------------------------------------------------------------------------------------+


+--------------------+
; Assembler Messages ;
+--------------------+
Info: *******************************************************************
Info: Running Quartus II 64-Bit Assembler
    Info: Version 12.0 Build 178 05/31/2012 SJ Full Version
    Info: Processing started: Wed Feb 22 12:25:29 2023
Info: Command: quartus_asm --read_settings_files=off --write_settings_files=off volume -c volume
Info (115030): Assembler is generating device programming files
Info: Quartus II 64-Bit Assembler was successful. 0 errors, 0 warnings
    Info: Peak virtual memory: 4491 megabytes
    Info: Processing ended: Wed Feb 22 12:25:31 2023
    Info: Elapsed time: 00:00:02
    Info: Total CPU time (on all processors): 00:00:01


