Analysis & Synthesis report for pwm
Thu Feb 23 10:26:52 2023
Quartus II 64-Bit Version 12.0 Build 178 05/31/2012 SJ Full Version


---------------------
; Table of Contents ;
---------------------
  1. Legal Notice
  2. Analysis & Synthesis Summary
  3. Analysis & Synthesis Settings
  4. Parallel Compilation
  5. Analysis & Synthesis Source Files Read
  6. Analysis & Synthesis Resource Usage Summary
  7. Analysis & Synthesis Resource Utilization by Entity
  8. General Register Statistics
  9. Multiplexer Restructuring Statistics (Restructuring Performed)
 10. Parameter Settings for User Entity Instance: Top-level Entity: |pwm
 11. Parameter Settings for Inferred Entity Instance: lpm_mult:Mult0
 12. lpm_mult Parameter Settings by Entity Instance
 13. Elapsed Time Per Partition
 14. Analysis & Synthesis Messages



----------------
; Legal Notice ;
----------------
Copyright (C) 1991-2012 Altera Corporation
Your use of Altera Corporation's design tools, logic functions 
and other software and tools, and its AMPP partner logic 
functions, and any output files from any of the foregoing 
(including device programming or simulation files), and any 
associated documentation or information are expressly subject 
to the terms and conditions of the Altera Program License 
Subscription Agreement, Altera MegaCore Function License 
Agreement, or other applicable license agreement, including, 
without limitation, that your use is for the sole purpose of 
programming logic devices manufactured by Altera and sold by 
Altera or its authorized distributors.  Please refer to the 
applicable agreement for further details.



+-------------------------------------------------------------------------+
; Analysis & Synthesis Summary                                            ;
+-----------------------------+-------------------------------------------+
; Analysis & Synthesis Status ; Successful - Thu Feb 23 10:26:52 2023     ;
; Quartus II 64-Bit Version   ; 12.0 Build 178 05/31/2012 SJ Full Version ;
; Revision Name               ; pwm                                       ;
; Top-level Entity Name       ; PWM                                       ;
; Family                      ; Cyclone                                   ;
; Total logic elements        ; 138                                       ;
; Total pins                  ; 19                                        ;
; Total virtual pins          ; 0                                         ;
; Total memory bits           ; 0                                         ;
; Total PLLs                  ; 0                                         ;
+-----------------------------+-------------------------------------------+


+----------------------------------------------------------------------------------------------------------------------+
; Analysis & Synthesis Settings                                                                                        ;
+----------------------------------------------------------------------------+--------------------+--------------------+
; Option                                                                     ; Setting            ; Default Value      ;
+----------------------------------------------------------------------------+--------------------+--------------------+
; Device                                                                     ; EP1C3T144C8        ;                    ;
; Top-level entity name                                                      ; pwm                ; pwm                ;
; Family name                                                                ; Cyclone            ; Cyclone IV GX      ;
; Use smart compilation                                                      ; Off                ; Off                ;
; Enable parallel Assembler and TimeQuest Timing Analyzer during compilation ; On                 ; On                 ;
; Enable compact report table                                                ; Off                ; Off                ;
; Restructure Multiplexers                                                   ; Auto               ; Auto               ;
; Create Debugging Nodes for IP Cores                                        ; Off                ; Off                ;
; Preserve fewer node names                                                  ; On                 ; On                 ;
; Disable OpenCore Plus hardware evaluation                                  ; Off                ; Off                ;
; Verilog Version                                                            ; Verilog_2001       ; Verilog_2001       ;
; VHDL Version                                                               ; VHDL_1993          ; VHDL_1993          ;
; State Machine Processing                                                   ; Auto               ; Auto               ;
; Safe State Machine                                                         ; Off                ; Off                ;
; Extract Verilog State Machines                                             ; On                 ; On                 ;
; Extract VHDL State Machines                                                ; On                 ; On                 ;
; Ignore Verilog initial constructs                                          ; Off                ; Off                ;
; Iteration limit for constant Verilog loops                                 ; 5000               ; 5000               ;
; Iteration limit for non-constant Verilog loops                             ; 250                ; 250                ;
; Add Pass-Through Logic to Inferred RAMs                                    ; On                 ; On                 ;
; Infer RAMs from Raw Logic                                                  ; On                 ; On                 ;
; Parallel Synthesis                                                         ; On                 ; On                 ;
; NOT Gate Push-Back                                                         ; On                 ; On                 ;
; Power-Up Don't Care                                                        ; On                 ; On                 ;
; Remove Redundant Logic Cells                                               ; Off                ; Off                ;
; Remove Duplicate Registers                                                 ; On                 ; On                 ;
; Ignore CARRY Buffers                                                       ; Off                ; Off                ;
; Ignore CASCADE Buffers                                                     ; Off                ; Off                ;
; Ignore GLOBAL Buffers                                                      ; Off                ; Off                ;
; Ignore ROW GLOBAL Buffers                                                  ; Off                ; Off                ;
; Ignore LCELL Buffers                                                       ; Off                ; Off                ;
; Ignore SOFT Buffers                                                        ; On                 ; On                 ;
; Limit AHDL Integers to 32 Bits                                             ; Off                ; Off                ;
; Optimization Technique                                                     ; Balanced           ; Balanced           ;
; Carry Chain Length                                                         ; 70                 ; 70                 ;
; Auto Carry Chains                                                          ; On                 ; On                 ;
; Auto Open-Drain Pins                                                       ; On                 ; On                 ;
; Perform WYSIWYG Primitive Resynthesis                                      ; Off                ; Off                ;
; Auto ROM Replacement                                                       ; On                 ; On                 ;
; Auto RAM Replacement                                                       ; On                 ; On                 ;
; Auto Shift Register Replacement                                            ; Auto               ; Auto               ;
; Allow Shift Register Merging across Hierarchies                            ; Auto               ; Auto               ;
; Auto Clock Enable Replacement                                              ; On                 ; On                 ;
; Strict RAM Replacement                                                     ; Off                ; Off                ;
; Allow Synchronous Control Signals                                          ; On                 ; On                 ;
; Force Use of Synchronous Clear Signals                                     ; Off                ; Off                ;
; Auto RAM Block Balancing                                                   ; On                 ; On                 ;
; Auto RAM to Logic Cell Conversion                                          ; Off                ; Off                ;
; Auto Resource Sharing                                                      ; Off                ; Off                ;
; Allow Any RAM Size For Recognition                                         ; Off                ; Off                ;
; Allow Any ROM Size For Recognition                                         ; Off                ; Off                ;
; Allow Any Shift Register Size For Recognition                              ; Off                ; Off                ;
; Use LogicLock Constraints during Resource Balancing                        ; On                 ; On                 ;
; Ignore translate_off and synthesis_off directives                          ; Off                ; Off                ;
; Report Parameter Settings                                                  ; On                 ; On                 ;
; Report Source Assignments                                                  ; On                 ; On                 ;
; Report Connectivity Checks                                                 ; On                 ; On                 ;
; Ignore Maximum Fan-Out Assignments                                         ; Off                ; Off                ;
; Synchronization Register Chain Length                                      ; 2                  ; 2                  ;
; PowerPlay Power Optimization                                               ; Normal compilation ; Normal compilation ;
; HDL message level                                                          ; Level2             ; Level2             ;
; Suppress Register Optimization Related Messages                            ; Off                ; Off                ;
; Number of Removed Registers Reported in Synthesis Report                   ; 5000               ; 5000               ;
; Number of Swept Nodes Reported in Synthesis Report                         ; 5000               ; 5000               ;
; Number of Inverted Registers Reported in Synthesis Report                  ; 100                ; 100                ;
; Clock MUX Protection                                                       ; On                 ; On                 ;
; Block Design Naming                                                        ; Auto               ; Auto               ;
; Synthesis Effort                                                           ; Auto               ; Auto               ;
; Shift Register Replacement - Allow Asynchronous Clear Signal               ; On                 ; On                 ;
; Analysis & Synthesis Message Level                                         ; Medium             ; Medium             ;
; Disable Register Merging Across Hierarchies                                ; Auto               ; Auto               ;
; Resource Aware Inference For Block RAM                                     ; On                 ; On                 ;
; Synthesis Seed                                                             ; 1                  ; 1                  ;
+----------------------------------------------------------------------------+--------------------+--------------------+


+------------------------------------------+
; Parallel Compilation                     ;
+----------------------------+-------------+
; Processors                 ; Number      ;
+----------------------------+-------------+
; Number detected on machine ; 2           ;
; Maximum allowed            ; 2           ;
;                            ;             ;
; Average used               ; 1.00        ;
; Maximum used               ; 1           ;
;                            ;             ;
; Usage by Processor         ; % Time Used ;
;     1 processor            ; 100.0%      ;
;     2 processors           ;   0.0%      ;
+----------------------------+-------------+


+-----------------------------------------------------------------------------------------------------------------------------------------------------------------------------------------------------------+
; Analysis & Synthesis Source Files Read                                                                                                                                                                    ;
+----------------------------------+-----------------+-----------------+--------------------------------------------------------------------------------------------------------------------------+---------+
; File Name with User-Entered Path ; Used in Netlist ; File Type       ; File Name with Absolute Path                                                                                             ; Library ;
+----------------------------------+-----------------+-----------------+--------------------------------------------------------------------------------------------------------------------------+---------+
; pwm.vhd                          ; yes             ; User VHDL File  ; C:/Users/USUARIO/OneDrive/Documentos/Roca Vega/Laboratorios - copia/Laboratorio 9 - servo con RP y FPGA/pwm_VHDL/pwm.vhd ;         ;
; lpm_mult.tdf                     ; yes             ; Megafunction    ; c:/altera/12.0/quartus/libraries/megafunctions/lpm_mult.tdf                                                              ;         ;
; aglobal120.inc                   ; yes             ; Megafunction    ; c:/altera/12.0/quartus/libraries/megafunctions/aglobal120.inc                                                            ;         ;
; lpm_add_sub.inc                  ; yes             ; Megafunction    ; c:/altera/12.0/quartus/libraries/megafunctions/lpm_add_sub.inc                                                           ;         ;
; multcore.inc                     ; yes             ; Megafunction    ; c:/altera/12.0/quartus/libraries/megafunctions/multcore.inc                                                              ;         ;
; bypassff.inc                     ; yes             ; Megafunction    ; c:/altera/12.0/quartus/libraries/megafunctions/bypassff.inc                                                              ;         ;
; altshift.inc                     ; yes             ; Megafunction    ; c:/altera/12.0/quartus/libraries/megafunctions/altshift.inc                                                              ;         ;
; multcore.tdf                     ; yes             ; Megafunction    ; c:/altera/12.0/quartus/libraries/megafunctions/multcore.tdf                                                              ;         ;
; csa_add.inc                      ; yes             ; Megafunction    ; c:/altera/12.0/quartus/libraries/megafunctions/csa_add.inc                                                               ;         ;
; mpar_add.inc                     ; yes             ; Megafunction    ; c:/altera/12.0/quartus/libraries/megafunctions/mpar_add.inc                                                              ;         ;
; muleabz.inc                      ; yes             ; Megafunction    ; c:/altera/12.0/quartus/libraries/megafunctions/muleabz.inc                                                               ;         ;
; mul_lfrg.inc                     ; yes             ; Megafunction    ; c:/altera/12.0/quartus/libraries/megafunctions/mul_lfrg.inc                                                              ;         ;
; mul_boothc.inc                   ; yes             ; Megafunction    ; c:/altera/12.0/quartus/libraries/megafunctions/mul_boothc.inc                                                            ;         ;
; alt_ded_mult.inc                 ; yes             ; Megafunction    ; c:/altera/12.0/quartus/libraries/megafunctions/alt_ded_mult.inc                                                          ;         ;
; alt_ded_mult_y.inc               ; yes             ; Megafunction    ; c:/altera/12.0/quartus/libraries/megafunctions/alt_ded_mult_y.inc                                                        ;         ;
; dffpipe.inc                      ; yes             ; Megafunction    ; c:/altera/12.0/quartus/libraries/megafunctions/dffpipe.inc                                                               ;         ;
; mpar_add.tdf                     ; yes             ; Megafunction    ; c:/altera/12.0/quartus/libraries/megafunctions/mpar_add.tdf                                                              ;         ;
; lpm_add_sub.tdf                  ; yes             ; Megafunction    ; c:/altera/12.0/quartus/libraries/megafunctions/lpm_add_sub.tdf                                                           ;         ;
; addcore.inc                      ; yes             ; Megafunction    ; c:/altera/12.0/quartus/libraries/megafunctions/addcore.inc                                                               ;         ;
; look_add.inc                     ; yes             ; Megafunction    ; c:/altera/12.0/quartus/libraries/megafunctions/look_add.inc                                                              ;         ;
; alt_stratix_add_sub.inc          ; yes             ; Megafunction    ; c:/altera/12.0/quartus/libraries/megafunctions/alt_stratix_add_sub.inc                                                   ;         ;
; addcore.tdf                      ; yes             ; Megafunction    ; c:/altera/12.0/quartus/libraries/megafunctions/addcore.tdf                                                               ;         ;
; a_csnbuffer.inc                  ; yes             ; Megafunction    ; c:/altera/12.0/quartus/libraries/megafunctions/a_csnbuffer.inc                                                           ;         ;
; a_csnbuffer.tdf                  ; yes             ; Megafunction    ; c:/altera/12.0/quartus/libraries/megafunctions/a_csnbuffer.tdf                                                           ;         ;
; altshift.tdf                     ; yes             ; Megafunction    ; c:/altera/12.0/quartus/libraries/megafunctions/altshift.tdf                                                              ;         ;
+----------------------------------+-----------------+-----------------+--------------------------------------------------------------------------------------------------------------------------+---------+


+-----------------------------------------------------+
; Analysis & Synthesis Resource Usage Summary         ;
+---------------------------------------------+-------+
; Resource                                    ; Usage ;
+---------------------------------------------+-------+
; Total logic elements                        ; 138   ;
;     -- Combinational with no register       ; 97    ;
;     -- Register only                        ; 14    ;
;     -- Combinational with a register        ; 27    ;
;                                             ;       ;
; Logic element usage by number of LUT inputs ;       ;
;     -- 4 input functions                    ; 51    ;
;     -- 3 input functions                    ; 23    ;
;     -- 2 input functions                    ; 47    ;
;     -- 1 input functions                    ; 3     ;
;     -- 0 input functions                    ; 0     ;
;                                             ;       ;
; Logic elements by mode                      ;       ;
;     -- normal mode                          ; 84    ;
;     -- arithmetic mode                      ; 54    ;
;     -- qfbk mode                            ; 0     ;
;     -- register cascade mode                ; 0     ;
;     -- synchronous clear/load mode          ; 0     ;
;     -- asynchronous clear/load mode         ; 0     ;
;                                             ;       ;
; Total registers                             ; 41    ;
; Total logic cells in carry chains           ; 57    ;
; I/O pins                                    ; 19    ;
; Maximum fan-out node                        ; clk   ;
; Maximum fan-out                             ; 41    ;
; Total fan-out                               ; 437   ;
; Average fan-out                             ; 2.78  ;
+---------------------------------------------+-------+


+------------------------------------------------------------------------------------------------------------------------------------------------------------------------------------------------------------------------------------------+
; Analysis & Synthesis Resource Utilization by Entity                                                                                                                                                                                      ;
+----------------------------+-------------+--------------+-------------+------+--------------+--------------+-------------------+------------------+-----------------+------------+----------------------------------------+--------------+
; Compilation Hierarchy Node ; Logic Cells ; LC Registers ; Memory Bits ; Pins ; Virtual Pins ; LUT-Only LCs ; Register-Only LCs ; LUT/Register LCs ; Carry Chain LCs ; Packed LCs ; Full Hierarchy Name                    ; Library Name ;
+----------------------------+-------------+--------------+-------------+------+--------------+--------------+-------------------+------------------+-----------------+------------+----------------------------------------+--------------+
; |PWM                       ; 138 (113)   ; 41           ; 0           ; 19   ; 0            ; 97 (72)      ; 14 (14)           ; 27 (27)          ; 57 (57)         ; 0 (0)      ; |PWM                                   ;              ;
;    |lpm_mult:Mult0|        ; 25 (0)      ; 0            ; 0           ; 0    ; 0            ; 25 (0)       ; 0 (0)             ; 0 (0)            ; 0 (0)           ; 0 (0)      ; |PWM|lpm_mult:Mult0                    ;              ;
;       |multcore:mult_core| ; 25 (25)     ; 0            ; 0           ; 0    ; 0            ; 25 (25)      ; 0 (0)             ; 0 (0)            ; 0 (0)           ; 0 (0)      ; |PWM|lpm_mult:Mult0|multcore:mult_core ;              ;
+----------------------------+-------------+--------------+-------------+------+--------------+--------------+-------------------+------------------+-----------------+------------+----------------------------------------+--------------+
Note: For table entries with two numbers listed, the numbers in parentheses indicate the number of resources of the given type used by the specific entity alone. The numbers listed outside of parentheses indicate the total resources of the given type used by the specific entity and all of its sub-entities in the hierarchy.


+------------------------------------------------------+
; General Register Statistics                          ;
+----------------------------------------------+-------+
; Statistic                                    ; Value ;
+----------------------------------------------+-------+
; Total registers                              ; 41    ;
; Number of registers using Synchronous Clear  ; 0     ;
; Number of registers using Synchronous Load   ; 0     ;
; Number of registers using Asynchronous Clear ; 0     ;
; Number of registers using Asynchronous Load  ; 0     ;
; Number of registers using Clock Enable       ; 2     ;
; Number of registers using Preset             ; 0     ;
+----------------------------------------------+-------+


+-------------------------------------------------------------------------------------------------------------------------------------------------+
; Multiplexer Restructuring Statistics (Restructuring Performed)                                                                                  ;
+--------------------+-----------+---------------+----------------------+------------------------+-------------------+----------------------------+
; Multiplexer Inputs ; Bus Width ; Baseline Area ; Area if Restructured ; Saving if Restructured ; Registered        ; Example Multiplexer Output ;
+--------------------+-----------+---------------+----------------------+------------------------+-------------------+----------------------------+
; 3:1                ; 2 bits    ; 4 LEs         ; 2 LEs                ; 2 LEs                  ; |PWM|pwm_out~reg0 ;                            ;
+--------------------+-----------+---------------+----------------------+------------------------+-------------------+----------------------------+


+---------------------------------------------------------------------+
; Parameter Settings for User Entity Instance: Top-level Entity: |pwm ;
+----------------+----------+-----------------------------------------+
; Parameter Name ; Value    ; Type                                    ;
+----------------+----------+-----------------------------------------+
; sys_clk        ; 50000000 ; Signed Integer                          ;
; pwm_freq       ; 50       ; Signed Integer                          ;
+----------------+----------+-----------------------------------------+
Note: In order to hide this table in the UI and the text report file, please set the "Show Parameter Settings in Synthesis Report" option in "Analysis and Synthesis Settings -> More Settings" to "Off".


+---------------------------------------------------------------------------------+
; Parameter Settings for Inferred Entity Instance: lpm_mult:Mult0                 ;
+------------------------------------------------+----------+---------------------+
; Parameter Name                                 ; Value    ; Type                ;
+------------------------------------------------+----------+---------------------+
; AUTO_CARRY_CHAINS                              ; ON       ; AUTO_CARRY          ;
; IGNORE_CARRY_BUFFERS                           ; OFF      ; IGNORE_CARRY        ;
; AUTO_CASCADE_CHAINS                            ; ON       ; AUTO_CASCADE        ;
; IGNORE_CASCADE_BUFFERS                         ; OFF      ; IGNORE_CASCADE      ;
; LPM_WIDTHA                                     ; 8        ; Untyped             ;
; LPM_WIDTHB                                     ; 20       ; Untyped             ;
; LPM_WIDTHP                                     ; 28       ; Untyped             ;
; LPM_WIDTHR                                     ; 28       ; Untyped             ;
; LPM_WIDTHS                                     ; 1        ; Untyped             ;
; LPM_REPRESENTATION                             ; UNSIGNED ; Untyped             ;
; LPM_PIPELINE                                   ; 0        ; Untyped             ;
; LATENCY                                        ; 0        ; Untyped             ;
; INPUT_A_IS_CONSTANT                            ; NO       ; Untyped             ;
; INPUT_B_IS_CONSTANT                            ; YES      ; Untyped             ;
; USE_EAB                                        ; OFF      ; Untyped             ;
; MAXIMIZE_SPEED                                 ; 5        ; Untyped             ;
; DEVICE_FAMILY                                  ; Cyclone  ; Untyped             ;
; CARRY_CHAIN                                    ; MANUAL   ; Untyped             ;
; APEX20K_TECHNOLOGY_MAPPER                      ; LUT      ; TECH_MAPPER_APEX20K ;
; DEDICATED_MULTIPLIER_CIRCUITRY                 ; AUTO     ; Untyped             ;
; DEDICATED_MULTIPLIER_MIN_INPUT_WIDTH_FOR_AUTO  ; 0        ; Untyped             ;
; DEDICATED_MULTIPLIER_MIN_OUTPUT_WIDTH_FOR_AUTO ; 0        ; Untyped             ;
; CBXI_PARAMETER                                 ; NOTHING  ; Untyped             ;
; INPUT_A_FIXED_VALUE                            ; Bx       ; Untyped             ;
; INPUT_B_FIXED_VALUE                            ; Bx       ; Untyped             ;
; USE_AHDL_IMPLEMENTATION                        ; OFF      ; Untyped             ;
+------------------------------------------------+----------+---------------------+
Note: In order to hide this table in the UI and the text report file, please set the "Show Parameter Settings in Synthesis Report" option in "Analysis and Synthesis Settings -> More Settings" to "Off".


+--------------------------------------------------------+
; lpm_mult Parameter Settings by Entity Instance         ;
+---------------------------------------+----------------+
; Name                                  ; Value          ;
+---------------------------------------+----------------+
; Number of entity instances            ; 1              ;
; Entity Instance                       ; lpm_mult:Mult0 ;
;     -- LPM_WIDTHA                     ; 8              ;
;     -- LPM_WIDTHB                     ; 20             ;
;     -- LPM_WIDTHP                     ; 28             ;
;     -- LPM_REPRESENTATION             ; UNSIGNED       ;
;     -- INPUT_A_IS_CONSTANT            ; NO             ;
;     -- INPUT_B_IS_CONSTANT            ; YES            ;
;     -- USE_EAB                        ; OFF            ;
;     -- DEDICATED_MULTIPLIER_CIRCUITRY ; AUTO           ;
;     -- INPUT_A_FIXED_VALUE            ; Bx             ;
;     -- INPUT_B_FIXED_VALUE            ; Bx             ;
+---------------------------------------+----------------+


+-------------------------------+
; Elapsed Time Per Partition    ;
+----------------+--------------+
; Partition Name ; Elapsed Time ;
+----------------+--------------+
; Top            ; 00:00:01     ;
+----------------+--------------+


+-------------------------------+
; Analysis & Synthesis Messages ;
+-------------------------------+
Info: *******************************************************************
Info: Running Quartus II 64-Bit Analysis & Synthesis
    Info: Version 12.0 Build 178 05/31/2012 SJ Full Version
    Info: Processing started: Thu Feb 23 10:26:47 2023
Info: Command: quartus_map --read_settings_files=on --write_settings_files=off pwm -c pwm
Info (20030): Parallel compilation is enabled and will use 2 of the 2 processors detected
Info (12021): Found 2 design units, including 1 entities, in source file pwm.vhd
    Info (12022): Found design unit 1: PWM-logic
    Info (12023): Found entity 1: PWM
Info (12127): Elaborating entity "pwm" for the top level hierarchy
Info (278001): Inferred 1 megafunctions from design logic
    Info (278003): Inferred multiplier megafunction ("lpm_mult") from the following logic: "Mult0"
Info (12130): Elaborated megafunction instantiation "lpm_mult:Mult0"
Info (12133): Instantiated megafunction "lpm_mult:Mult0" with the following parameter:
    Info (12134): Parameter "LPM_WIDTHA" = "8"
    Info (12134): Parameter "LPM_WIDTHB" = "20"
    Info (12134): Parameter "LPM_WIDTHP" = "28"
    Info (12134): Parameter "LPM_WIDTHR" = "28"
    Info (12134): Parameter "LPM_WIDTHS" = "1"
    Info (12134): Parameter "LPM_REPRESENTATION" = "UNSIGNED"
    Info (12134): Parameter "INPUT_A_IS_CONSTANT" = "NO"
    Info (12134): Parameter "INPUT_B_IS_CONSTANT" = "YES"
    Info (12134): Parameter "MAXIMIZE_SPEED" = "5"
Info (12131): Elaborated megafunction instantiation "lpm_mult:Mult0|multcore:mult_core", which is child of megafunction instantiation "lpm_mult:Mult0"
Info (12131): Elaborated megafunction instantiation "lpm_mult:Mult0|multcore:mult_core|mpar_add:padder", which is child of megafunction instantiation "lpm_mult:Mult0"
Info (12131): Elaborated megafunction instantiation "lpm_mult:Mult0|multcore:mult_core|mpar_add:padder|lpm_add_sub:adder[0]", which is child of megafunction instantiation "lpm_mult:Mult0"
Info (12131): Elaborated megafunction instantiation "lpm_mult:Mult0|multcore:mult_core|mpar_add:padder|lpm_add_sub:adder[0]|addcore:adder", which is child of megafunction instantiation "lpm_mult:Mult0"
Info (12131): Elaborated megafunction instantiation "lpm_mult:Mult0|multcore:mult_core|mpar_add:padder|lpm_add_sub:adder[0]|addcore:adder|a_csnbuffer:oflow_node", which is child of megafunction instantiation "lpm_mult:Mult0"
Info (12131): Elaborated megafunction instantiation "lpm_mult:Mult0|multcore:mult_core|mpar_add:padder|lpm_add_sub:adder[0]|addcore:adder|a_csnbuffer:result_node", which is child of megafunction instantiation "lpm_mult:Mult0"
Info (12131): Elaborated megafunction instantiation "lpm_mult:Mult0|multcore:mult_core|mpar_add:padder|lpm_add_sub:adder[0]|altshift:result_ext_latency_ffs", which is child of megafunction instantiation "lpm_mult:Mult0"
Info (12131): Elaborated megafunction instantiation "lpm_mult:Mult0|multcore:mult_core|mpar_add:padder|lpm_add_sub:adder[0]|altshift:carry_ext_latency_ffs", which is child of megafunction instantiation "lpm_mult:Mult0"
Info (12131): Elaborated megafunction instantiation "lpm_mult:Mult0|altshift:external_latency_ffs", which is child of megafunction instantiation "lpm_mult:Mult0"
Info (16010): Generating hard_block partition "hard_block:auto_generated_inst"
    Info (16011): Adding 0 node(s), including 0 DDIO, 0 PLL, 0 transceiver and 0 LCELL
Info (21057): Implemented 157 device resources after synthesis - the final resource count might be different
    Info (21058): Implemented 9 input pins
    Info (21059): Implemented 10 output pins
    Info (21061): Implemented 138 logic cells
Info: Quartus II 64-Bit Analysis & Synthesis was successful. 0 errors, 0 warnings
    Info: Peak virtual memory: 4596 megabytes
    Info: Processing ended: Thu Feb 23 10:26:52 2023
    Info: Elapsed time: 00:00:05
    Info: Total CPU time (on all processors): 00:00:04


